<?xml version="1.0" encoding="UTF-8"?>
<!-- Generated by org.testng.reporters.JUnitXMLReporter -->
<testsuite hostname="DESKTOP-M7LA5BV" ignored="0" tests="15" failures="0" timestamp="26 Jul 2017 11:02:22 GMT" time="6.152" errors="0">
  <testcase name="testLogin[0] on testLogin[0](Java.LoginCaseTest)" time="0.016" classname="Java.LoginCaseTest"/>
  <testcase name="testLogin[1] on testLogin[1](Java.LoginCaseTest)" time="0.016" classname="Java.LoginCaseTest"/>
  <testcase name="testLogin[2] on testLogin[2](Java.LoginCaseTest)" time="0.016" classname="Java.LoginCaseTest"/>
  <testcase name="testLogin[3] on testLogin[3](Java.LoginCaseTest)" time="0.016" classname="Java.LoginCaseTest"/>
  <testcase name="testLogin[4] on testLogin[4](Java.LoginCaseTest)" time="0.016" classname="Java.LoginCaseTest"/>
  <testcase name="testLogin[5] on testLogin[5](Java.LoginCaseTest)" time="0.016" classname="Java.LoginCaseTest"/>
  <testcase name="testLogin[6] on testLogin[6](Java.LoginCaseTest)" time="0.016" classname="Java.LoginCaseTest"/>
  <testcase name="testLogin[7] on testLogin[7](Java.LoginCaseTest)" time="0.016" classname="Java.LoginCaseTest"/>
  <testcase name="testLogin[8] on testLogin[8](Java.LoginCaseTest)" time="0.016" classname="Java.LoginCaseTest"/>
  <testcase name="testCheckUserExist[0] on testCheckUserExist[0](Java.CheckUserExistCaseTest)" time="0.0" classname="Java.CheckUserExistCaseTest"/>
  <testcase name="testCheckUserExist[1] on testCheckUserExist[1](Java.CheckUserExistCaseTest)" time="0.0" classname="Java.CheckUserExistCaseTest"/>
  <testcase name="testCheckUserExist[2] on testCheckUserExist[2](Java.CheckUserExistCaseTest)" time="0.0" classname="Java.CheckUserExistCaseTest"/>
  <testcase name="testCheckUserExist[3] on testCheckUserExist[3](Java.CheckUserExistCaseTest)" time="0.0" classname="Java.CheckUserExistCaseTest"/>
  <testcase name="testCheckUserExist[4] on testCheckUserExist[4](Java.CheckUserExistCaseTest)" time="0.0" classname="Java.CheckUserExistCaseTest"/>
  <testcase name="testCheckUserExist[5] on testCheckUserExist[5](Java.CheckUserExistCaseTest)" time="0.0" classname="Java.CheckUserExistCaseTest"/>
</testsuite>
