<?xml version="1.0" encoding="UTF-8"?>
<!-- Generated by org.testng.reporters.JUnitReportReporter -->
<testsuite skipped="0" hostname="DESKTOP-M7LA5BV" name="Java.CheckUserExistCaseTest" tests="6" failures="0" timestamp="26 Jul 2017 11:02:23 GMT" time="0.000" errors="0">
  <testcase name="testCheckUserExist[3]" time="0.000" classname="Java.CheckUserExistCaseTest"/>
  <testcase name="testCheckUserExist[0]" time="0.000" classname="Java.CheckUserExistCaseTest"/>
  <testcase name="testCheckUserExist[5]" time="0.000" classname="Java.CheckUserExistCaseTest"/>
  <testcase name="testCheckUserExist[4]" time="0.000" classname="Java.CheckUserExistCaseTest"/>
  <testcase name="testCheckUserExist[1]" time="0.000" classname="Java.CheckUserExistCaseTest"/>
  <testcase name="testCheckUserExist[2]" time="0.000" classname="Java.CheckUserExistCaseTest"/>
</testsuite> <!-- Java.CheckUserExistCaseTest -->
