<?xml version="1.0" encoding="UTF-8"?>
<!-- Generated by org.testng.reporters.JUnitReportReporter -->
<testsuite skipped="0" hostname="DESKTOP-M7LA5BV" name="Java.LoginCaseTest" tests="9" failures="0" timestamp="26 Jul 2017 11:02:23 GMT" time="0.144" errors="0">
  <testcase name="testLogin[0]" time="0.016" classname="Java.LoginCaseTest"/>
  <testcase name="testLogin[7]" time="0.016" classname="Java.LoginCaseTest"/>
  <testcase name="testLogin[1]" time="0.016" classname="Java.LoginCaseTest"/>
  <testcase name="testLogin[4]" time="0.016" classname="Java.LoginCaseTest"/>
  <testcase name="testLogin[6]" time="0.016" classname="Java.LoginCaseTest"/>
  <testcase name="testLogin[3]" time="0.016" classname="Java.LoginCaseTest"/>
  <testcase name="testLogin[5]" time="0.016" classname="Java.LoginCaseTest"/>
  <testcase name="testLogin[8]" time="0.016" classname="Java.LoginCaseTest"/>
  <testcase name="testLogin[2]" time="0.016" classname="Java.LoginCaseTest"/>
</testsuite> <!-- Java.LoginCaseTest -->
